<?xml version="1.0" encoding="UTF-8"?>
<!-- Generated by org.testng.reporters.JUnitReportReporter -->
<testsuite hostname="MacBook-Pro-Constantine.local" failures="0" tests="1" name="tests.search_iphone.positive.SearchIphoneTest" time="4.562" errors="0" timestamp="2022-02-07T08:39:10 EET" skipped="0">
  <testcase classname="tests.search_iphone.positive.SearchIphoneTest" name="checkIsRedirectToListing" time="4.562"/>
  <system-out/>
</testsuite> <!-- tests.search_iphone.positive.SearchIphoneTest -->
